Start testing: May 27 00:36 Беларусь (зима)
----------------------------------------------------------
1/1 Testing: unit_tests
1/1 Test: unit_tests
Command: "D:/Р›РђР‘Р«/Р›Р°Р±С‹_РѕСЃРё/OS_lab5/lab_98/build/Debug/tests.exe"
Directory: D:/Р›РђР‘Р«/Р›Р°Р±С‹_РѕСЃРё/OS_lab5/lab_98/build
"unit_tests" start time: May 27 00:36 Беларусь (зима)
Output:
----------------------------------------------------------
Running main() from D:\Р›РђР‘Р«\Р›Р°Р±С‹_РѕСЃРё\OS_lab5\lab_98\build\_deps\googletest-src\googletest\src\gtest_main.cc
[==========] Running 19 tests from 4 test suites.
[----------] Global test environment set-up.
[----------] 3 tests from CommonTest
[ RUN      ] CommonTest.EmployeeToString
[       OK ] CommonTest.EmployeeToString (0 ms)
[ RUN      ] CommonTest.TrimString
[       OK ] CommonTest.TrimString (0 ms)
[ RUN      ] CommonTest.IsValidEmployeeId
[       OK ] CommonTest.IsValidEmployeeId (0 ms)
[----------] 3 tests from CommonTest (0 ms total)

[----------] 3 tests from ProtocolTest
[ RUN      ] ProtocolTest.InitializeMessage
[       OK ] ProtocolTest.InitializeMessage (0 ms)
[ RUN      ] ProtocolTest.SetErrorMessage
[       OK ] ProtocolTest.SetErrorMessage (0 ms)
[ RUN      ] ProtocolTest.SetLongErrorMessage
[       OK ] ProtocolTest.SetLongErrorMessage (0 ms)
[----------] 3 tests from ProtocolTest (0 ms total)

[----------] 4 tests from FileManagerTest
[ RUN      ] FileManagerTest.CreateAndReadFile
[       OK ] FileManagerTest.CreateAndReadFile (14 ms)
[ RUN      ] FileManagerTest.ReadNonExistentEmployee
[       OK ] FileManagerTest.ReadNonExistentEmployee (9 ms)
[ RUN      ] FileManagerTest.WriteEmployee
[       OK ] FileManagerTest.WriteEmployee (21 ms)
[ RUN      ] FileManagerTest.WriteNonExistentEmployee
[       OK ] FileManagerTest.WriteNonExistentEmployee (10 ms)
[----------] 4 tests from FileManagerTest (56 ms total)

[----------] 9 tests from AccessManagerTest
[ RUN      ] AccessManagerTest.AcquireReadLock
[       OK ] AccessManagerTest.AcquireReadLock (0 ms)
[ RUN      ] AccessManagerTest.AcquireWriteLock
[       OK ] AccessManagerTest.AcquireWriteLock (0 ms)
[ RUN      ] AccessManagerTest.MultipleReadLocks
[       OK ] AccessManagerTest.MultipleReadLocks (0 ms)
[ RUN      ] AccessManagerTest.ReadWriteConflict
[       OK ] AccessManagerTest.ReadWriteConflict (0 ms)
[ RUN      ] AccessManagerTest.WriteReadConflict
[       OK ] AccessManagerTest.WriteReadConflict (0 ms)
[ RUN      ] AccessManagerTest.ReleaseLock
[       OK ] AccessManagerTest.ReleaseLock (0 ms)
[ RUN      ] AccessManagerTest.ReleasePartialReadLock
[       OK ] AccessManagerTest.ReleasePartialReadLock (0 ms)
[ RUN      ] AccessManagerTest.ReleaseAllLocks
[       OK ] AccessManagerTest.ReleaseAllLocks (0 ms)
[ RUN      ] AccessManagerTest.SameClientWriteAccess
[       OK ] AccessManagerTest.SameClientWriteAccess (0 ms)
[----------] 9 tests from AccessManagerTest (0 ms total)

[----------] Global test environment tear-down
[==========] 19 tests from 4 test suites ran. (58 ms total)
[  PASSED  ] 19 tests.
<end of output>
Test time =   0.14 sec
----------------------------------------------------------
Test Passed.
"unit_tests" end time: May 27 00:36 Беларусь (зима)
"unit_tests" time elapsed: 00:00:00
----------------------------------------------------------

End testing: May 27 00:36 Беларусь (зима)
